During startup - Warning messages:
1: Setting LC_CTYPE failed, using "C" 
2: Setting LC_COLLATE failed, using "C" 
3: Setting LC_TIME failed, using "C" 
4: Setting LC_MESSAGES failed, using "C" 
5: Setting LC_MONETARY failed, using "C" 
6: Setting LC_PAPER failed, using "C" 
7: Setting LC_MEASUREMENT failed, using "C" 
-- Attaching packages --------------------------------------- tidyverse 1.3.0 --
v tibble  3.0.4     v dplyr   1.0.5
v tidyr   1.1.2     v stringr 1.4.0
v readr   1.4.0     v forcats 0.5.0
v purrr   0.3.4     
-- Conflicts ------------------------------------------ tidyverse_conflicts() --
x dplyr::between()   masks data.table::between()
x dplyr::filter()    masks stats::filter()
x dplyr::first()     masks data.table::first()
x dplyr::lag()       masks stats::lag()
x dplyr::last()      masks data.table::last()
x purrr::transpose() masks data.table::transpose()
Warning message:
package 'rdist' was built under R version 4.0.5 
